#-----------------------------------------------------------
# Vivado v2024.2.2 (64-bit)
# SW Build 6060944 on Thu Mar 06 19:10:09 MST 2025
# IP Build 6050500 on Thu Mar  6 23:33:39 MST 2025
# SharedData Build 6060542 on Thu Mar 06 10:31:07 MST 2025
# Start of session at: Sun Mar  8 22:08:51 2026
# Process ID         : 2752337
# Current directory  : /home/jstine/Drop-In-JTAG/jtag1
# Command line       : vivado
# Log file           : /home/jstine/Drop-In-JTAG/jtag1/vivado.log
# Journal file       : /home/jstine/Drop-In-JTAG/jtag1/vivado.jou
# Running On         : mimi
# Platform           : Ubuntu
# Operating System   : Ubuntu 22.04.5 LTS
# Processor Detail   : Intel(R) Core(TM) i9-10900X CPU @ 3.70GHz
# CPU Frequency      : 1200.193 MHz
# CPU Physical cores : 10
# CPU Logical cores  : 20
# Host memory        : 24894 MB
# Swap memory        : 2147 MB
# Total Virtual      : 27041 MB
# Available Virtual  : 19988 MB
#-----------------------------------------------------------
start_gui
WARNING: [Board 49-26] cannot add Board Part xilinx.com:zcu208ld:part0:2.0 available at /opt/Xilinx/Vivado/2024.2/data/xhub/boards/XilinxBoardStore/boards/Xilinx/zcu208ld/production/2.0/board.xml as part xczu58dr-fsvg1517-2-i specified in board_part file is either invalid or not available
WARNING: [Board 49-26] cannot add Board Part xilinx.com:zcu216ld:part0:2.0 available at /opt/Xilinx/Vivado/2024.2/data/xhub/boards/XilinxBoardStore/boards/Xilinx/zcu216ld/production/2.0/board.xml as part xczu59dr-ffvf1760-2-i specified in board_part file is either invalid or not available
WARNING: [Board 49-26] cannot add Board Part xilinx.com:zcu670ld:part0:1.0 available at /opt/Xilinx/Vivado/2024.2/data/xhub/boards/XilinxBoardStore/boards/Xilinx/zcu670ld/1.0/board.xml as part xczu57dr-fsve1156-2-i specified in board_part file is either invalid or not available
open_project /home/jstine/Drop-In-JTAG/jtag1/jtag1.xpr
INFO: [Project 1-313] Project file moved from '/home/jstine/Arty-A7/.Xil/Vivado-3982-iq9/PrjAr/_X_' since last save.
WARNING: [filemgmt 56-3] IP Repository Path: Could not find the directory '/repo'.
INFO: [filemgmt 56-3] Default IP Output Path : Could not find the directory '/home/jstine/Drop-In-JTAG/jtag1/jtag1.gen/sources_1'.
WARNING: [filemgmt 56-3] IPUserFilesDir: Could not find the directory '/home/jstine/Drop-In-JTAG/jtag1/jtag1.ip_user_files'.
Scanning sources...
Finished scanning sources
INFO: [Project 1-1877] Auto incremental dir location '/jtag1/jtag1.srcs/utils_1/imports/synth_1_copy_1' of run 'synth_1_copy_1' is not writable, setting it to default location '/home/jstine/Drop-In-JTAG/jtag1/jtag1.srcs/utils_1/imports/synth_1_copy_1'.
INFO: [Project 1-1877] Auto incremental dir location '/jtag1/jtag1.srcs/utils_1/imports/impl_1' of run 'impl_1' is not writable, setting it to default location '/home/jstine/Drop-In-JTAG/jtag1/jtag1.srcs/utils_1/imports/impl_1'.
INFO: [Project 1-1877] Auto incremental dir location '/jtag1/jtag1.srcs/utils_1/imports/impl_1' of run 'impl_1' is not writable, setting it to default location '/home/jstine/Drop-In-JTAG/jtag1/jtag1.srcs/utils_1/imports/impl_1'.
INFO: [Project 1-230] Project 'jtag1.xpr' upgraded for this version of Vivado.
INFO: [IP_Flow 19-234] Refreshing IP repositories
WARNING: [IP_Flow 19-2248] Failed to load user IP repository '/repo'; Can't find the specified path.
If this directory should no longer be in your list of user repositories, go to the IP Settings dialog and remove it.
INFO: [IP_Flow 19-2313] Loaded Vivado IP repository '/opt/Xilinx/Vivado/2024.2/data/ip'.
update_compile_order -fileset sources_1
reset_run synth_1_copy_1
INFO: [Project 1-1161] Replacing file /home/jstine/Drop-In-JTAG/jtag1/jtag1.srcs/utils_1/imports/synth_1_copy_1/top.dcp with file /home/jstine/Drop-In-JTAG/jtag1/jtag1.runs/synth_1_copy_1/top.dcp
launch_runs synth_1_copy_1 -jobs 10
[Sun Mar  8 22:15:27 2026] Launched synth_1_copy_1...
Run output will be captured here: /home/jstine/Drop-In-JTAG/jtag1/jtag1.runs/synth_1_copy_1/runme.log
reset_run synth_1_copy_1
INFO: [Project 1-1161] Replacing file /home/jstine/Drop-In-JTAG/jtag1/jtag1.srcs/utils_1/imports/synth_1_copy_1/top.dcp with file /home/jstine/Drop-In-JTAG/jtag1/jtag1.runs/synth_1_copy_1/top.dcp
launch_runs synth_1_copy_1 -jobs 10
[Sun Mar  8 22:16:32 2026] Launched synth_1_copy_1...
Run output will be captured here: /home/jstine/Drop-In-JTAG/jtag1/jtag1.runs/synth_1_copy_1/runme.log
launch_runs impl_1 -jobs 10
[Sun Mar  8 22:17:27 2026] Launched impl_1...
Run output will be captured here: /home/jstine/Drop-In-JTAG/jtag1/jtag1.runs/impl_1/runme.log
reset_run impl_1
reset_run synth_1_copy_1
INFO: [Project 1-1161] Replacing file /home/jstine/Drop-In-JTAG/jtag1/jtag1.srcs/utils_1/imports/synth_1_copy_1/top.dcp with file /home/jstine/Drop-In-JTAG/jtag1/jtag1.runs/synth_1_copy_1/top.dcp
launch_runs synth_1_copy_1 -jobs 10
[Sun Mar  8 22:18:05 2026] Launched synth_1_copy_1...
Run output will be captured here: /home/jstine/Drop-In-JTAG/jtag1/jtag1.runs/synth_1_copy_1/runme.log
reset_run synth_1_copy_1
launch_runs synth_1_copy_1 -jobs 10
[Sun Mar  8 22:18:37 2026] Launched synth_1_copy_1...
Run output will be captured here: /home/jstine/Drop-In-JTAG/jtag1/jtag1.runs/synth_1_copy_1/runme.log
launch_runs impl_1 -jobs 10
[Sun Mar  8 22:19:27 2026] Launched impl_1...
Run output will be captured here: /home/jstine/Drop-In-JTAG/jtag1/jtag1.runs/impl_1/runme.log
reset_run synth_1_copy_1
INFO: [Project 1-1161] Replacing file /home/jstine/Drop-In-JTAG/jtag1/jtag1.srcs/utils_1/imports/synth_1_copy_1/top.dcp with file /home/jstine/Drop-In-JTAG/jtag1/jtag1.runs/synth_1_copy_1/top.dcp
launch_runs synth_1_copy_1 -jobs 10
[Sun Mar  8 22:22:36 2026] Launched synth_1_copy_1...
Run output will be captured here: /home/jstine/Drop-In-JTAG/jtag1/jtag1.runs/synth_1_copy_1/runme.log
launch_runs impl_1 -jobs 10
[Sun Mar  8 22:23:29 2026] Launched impl_1...
Run output will be captured here: /home/jstine/Drop-In-JTAG/jtag1/jtag1.runs/impl_1/runme.log
launch_runs impl_1 -to_step write_bitstream -jobs 10
[Sun Mar  8 22:24:27 2026] Launched impl_1...
Run output will be captured here: /home/jstine/Drop-In-JTAG/jtag1/jtag1.runs/impl_1/runme.log
exit
INFO: [Common 17-206] Exiting Vivado at Sun Mar  8 22:25:46 2026...
